2023-08-24 10:43:29,354 NanoPlot 1.38.1 started with arguments Namespace(threads=4, verbose=False, store=False, raw=True, huge=False, outdir='barcode01_plots', prefix='', tsv_stats=False, info_in_report=False, maxlength=None, minlength=None, drop_outliers=False, downsample=None, loglength=False, percentqual=False, alength=False, minqual=None, runtime_until=None, readtype='1D', barcoded=False, no_supplementary=False, color='#4CB391', colormap='Greens', format='png', plots=['kde', 'dot'], legacy=None, listcolors=False, listcolormaps=False, no_N50=False, N50=False, title=None, font_scale=1, dpi=100, hide_stats=False, fastq=['/home/peter/data/lib/seq_unsynced/seq20230823_demo/fastq_pass/barcode01/AIB919_pass_barcode01_5117dbcf_0.fastq'], fasta=None, fastq_rich=None, fastq_minimal=None, summary=None, bam=None, ubam=None, cram=None, pickle=None, feather=None, path='barcode01_plots/')
2023-08-24 10:43:29,354 Python version is: 3.9.17 (main, Aug 16 2023, 20:21:37)  [GCC 12.2.0]
2023-08-24 10:43:29,389 Nanoget: Starting to collect statistics from plain fastq file.
2023-08-24 10:43:30,087 Reduced DataFrame memory usage from 0.015380859375Mb to 0.015380859375Mb
2023-08-24 10:43:30,094 Nanoget: Gathered all metrics of 1000 reads
2023-08-24 10:43:30,108 Calculated statistics
2023-08-24 10:43:30,109 Using sequenced read lengths for plotting.
2023-08-24 10:43:30,111 NanoPlot:  Valid color #4CB391.
2023-08-24 10:43:30,111 NanoPlot:  Valid colormap Greens.
2023-08-24 10:43:30,112 NanoPlot:  Creating length plots for Read length.
2023-08-24 10:43:30,112 NanoPlot:  Using 1000 reads maximum of 15087bp.
2023-08-24 10:43:31,100 Saved barcode01_plots/WeightedHistogramReadlength  as png (or png for --legacy)
2023-08-24 10:43:31,871 Saved barcode01_plots/WeightedLogTransformed_HistogramReadlength  as png (or png for --legacy)
2023-08-24 10:43:32,553 Saved barcode01_plots/Non_weightedHistogramReadlength  as png (or png for --legacy)
2023-08-24 10:43:33,388 Saved barcode01_plots/Non_weightedLogTransformed_HistogramReadlength  as png (or png for --legacy)
2023-08-24 10:43:34,657 Saved barcode01_plots/Yield_By_Length  as png (or png for --legacy)
2023-08-24 10:43:34,658 Created length plots
2023-08-24 10:43:34,659 NanoPlot:  Creating Read lengths vs Average read quality plots using statistics from 1000 reads.
2023-08-24 10:43:35,830 Saved barcode01_plots/LengthvsQualityScatterPlot_dot  as png (or png for --legacy)
2023-08-24 10:43:36,975 Saved barcode01_plots/LengthvsQualityScatterPlot_kde  as png (or png for --legacy)
2023-08-24 10:43:36,976 Created LengthvsQual plot
2023-08-24 10:43:36,977 Writing html report.
2023-08-24 10:43:36,992 Finished!
