2023-08-24 10:48:56,039 NanoPlot 1.38.1 started with arguments Namespace(threads=4, verbose=False, store=False, raw=True, huge=False, outdir='barcode01', prefix='', tsv_stats=False, info_in_report=False, maxlength=None, minlength=None, drop_outliers=False, downsample=None, loglength=False, percentqual=False, alength=False, minqual=None, runtime_until=None, readtype='1D', barcoded=False, no_supplementary=False, color='#4CB391', colormap='Greens', format='png', plots=['kde', 'dot'], legacy=None, listcolors=False, listcolormaps=False, no_N50=False, N50=False, title=None, font_scale=1, dpi=100, hide_stats=False, fastq=['barcode01.fastq'], fasta=None, fastq_rich=None, fastq_minimal=None, summary=None, bam=None, ubam=None, cram=None, pickle=None, feather=None, path='barcode01/')
2023-08-24 10:48:56,039 Python version is: 3.9.17 (main, Aug 16 2023, 20:21:37)  [GCC 12.2.0]
2023-08-24 10:48:56,074 Nanoget: Starting to collect statistics from plain fastq file.
2023-08-24 10:48:56,638 Reduced DataFrame memory usage from 0.012237548828125Mb to 0.012237548828125Mb
2023-08-24 10:48:56,645 Nanoget: Gathered all metrics of 794 reads
2023-08-24 10:48:56,658 Calculated statistics
2023-08-24 10:48:56,658 Using sequenced read lengths for plotting.
2023-08-24 10:48:56,659 NanoPlot:  Valid color #4CB391.
2023-08-24 10:48:56,660 NanoPlot:  Valid colormap Greens.
2023-08-24 10:48:56,660 NanoPlot:  Creating length plots for Read length.
2023-08-24 10:48:56,660 NanoPlot:  Using 794 reads maximum of 11066bp.
2023-08-24 10:48:57,430 Saved barcode01/WeightedHistogramReadlength  as png (or png for --legacy)
2023-08-24 10:48:58,110 Saved barcode01/WeightedLogTransformed_HistogramReadlength  as png (or png for --legacy)
2023-08-24 10:48:58,854 Saved barcode01/Non_weightedHistogramReadlength  as png (or png for --legacy)
2023-08-24 10:48:59,612 Saved barcode01/Non_weightedLogTransformed_HistogramReadlength  as png (or png for --legacy)
2023-08-24 10:49:00,715 Saved barcode01/Yield_By_Length  as png (or png for --legacy)
2023-08-24 10:49:00,715 Created length plots
2023-08-24 10:49:00,717 NanoPlot:  Creating Read lengths vs Average read quality plots using statistics from 794 reads.
2023-08-24 10:49:01,868 Saved barcode01/LengthvsQualityScatterPlot_dot  as png (or png for --legacy)
2023-08-24 10:49:02,888 Saved barcode01/LengthvsQualityScatterPlot_kde  as png (or png for --legacy)
2023-08-24 10:49:02,888 Created LengthvsQual plot
2023-08-24 10:49:02,888 Writing html report.
2023-08-24 10:49:02,896 Finished!
